<?xml version="1.0" encoding="UTF-8"?>
<!-- Generated by org.testng.reporters.JUnitReportReporter -->
<testsuite hostname="M5-D-514SN6X" name="com.alip.testcases.SubmitSFVULApp" tests="1" failures="0" timestamp="27 Oct 2016 12:31:47 GMT" time="70.406" errors="0">
  <testcase name="Start" time="70.406" classname="com.alip.testcases.SubmitSFVULApp"/>
</testsuite> <!-- com.alip.testcases.SubmitSFVULApp -->
