<?xml version="1.0" encoding="UTF-8"?>
<!-- Generated by org.testng.reporters.JUnitReportReporter -->
<testsuite hostname="M5-D-514SN6X" name="com.alip.testcases.SubmitSFVULApp" tests="1" failures="0" timestamp="4 Nov 2016 08:16:24 GMT" time="68.625" errors="0">
  <testcase name="Start" time="68.625" classname="com.alip.testcases.SubmitSFVULApp"/>
</testsuite> <!-- com.alip.testcases.SubmitSFVULApp -->
